****************************************
Report : report_utilization
Design : accelerator_top
Version: V-2023.12-SP3
Date   : Thu May 21 11:58:56 2026
****************************************
Utilization Ratio:			0.6202
Utilization options:
 - Area calculation based on:		site_row of block accelerator_top/routed
 - Categories of objects excluded:	hard_macros macro_keepouts soft_macros io_cells hard_blockages 
Total Area:				53559.8280
Total Capacity Area:			53559.8280
Total Area of cells:			33217.6320
Area of excluded objects:
 - hard_macros         :		0.0000
 - macro_keepouts      :		0.0000
 - soft_macros         :		0.0000
 - io_cells            :		0.0000
 - hard_blockages      :		0.0000
Total Area of excluded objects:		0.0000
Ratio of excluded objects:		0.0000

Utilization of site-rows with:
 - Site 'unit':				0.6202

0.6202
